{"/home/ptm/Documents/packages/suntimes/src/destime.ts": {"path":"/home/ptm/Documents/packages/suntimes/src/destime.ts","statementMap":{"0":{"start":{"line":9,"column":14},"end":{"line":9,"column":37}},"1":{"start":{"line":10,"column":16},"end":{"line":10,"column":54}},"2":{"start":{"line":11,"column":16},"end":{"line":11,"column":71}},"3":{"start":{"line":14,"column":23},"end":{"line":14,"column":56}},"4":{"start":{"line":15,"column":25},"end":{"line":15,"column":60}},"5":{"start":{"line":16,"column":25},"end":{"line":16,"column":60}},"6":{"start":{"line":19,"column":13},"end":{"line":19,"column":38}},"7":{"start":{"line":22,"column":2},"end":{"line":26,"column":3}},"8":{"start":{"line":23,"column":4},"end":{"line":23,"column":62}},"9":{"start":{"line":24,"column":9},"end":{"line":26,"column":3}},"10":{"start":{"line":25,"column":4},"end":{"line":25,"column":26}},"11":{"start":{"line":30,"column":4},"end":{"line":36,"column":8}},"12":{"start":{"line":38,"column":2},"end":{"line":38,"column":23}},"13":{"start":{"line":7,"column":0},"end":{"line":7,"column":16}},"14":{"start":{"line":49,"column":17},"end":{"line":49,"column":48}},"15":{"start":{"line":50,"column":17},"end":{"line":50,"column":48}},"16":{"start":{"line":53,"column":20},"end":{"line":53,"column":49}},"17":{"start":{"line":56,"column":20},"end":{"line":56,"column":38}},"18":{"start":{"line":59,"column":14},"end":{"line":59,"column":37}},"19":{"start":{"line":60,"column":16},"end":{"line":60,"column":54}},"20":{"start":{"line":61,"column":16},"end":{"line":61,"column":71}},"21":{"start":{"line":64,"column":23},"end":{"line":64,"column":56}},"22":{"start":{"line":65,"column":25},"end":{"line":65,"column":60}},"23":{"start":{"line":66,"column":25},"end":{"line":66,"column":60}},"24":{"start":{"line":70,"column":4},"end":{"line":70,"column":68}},"25":{"start":{"line":72,"column":2},"end":{"line":72,"column":27}},"26":{"start":{"line":47,"column":0},"end":{"line":47,"column":16}}},"fnMap":{"0":{"name":"convertDecimalTime","decl":{"start":{"line":7,"column":16},"end":{"line":7,"column":34}},"loc":{"start":{"line":7,"column":54},"end":{"line":39,"column":1}}},"1":{"name":"timeDiff","decl":{"start":{"line":47,"column":16},"end":{"line":47,"column":24}},"loc":{"start":{"line":47,"column":67},"end":{"line":73,"column":1}}}},"branchMap":{"0":{"loc":{"start":{"line":19,"column":13},"end":{"line":19,"column":38}},"type":"cond-expr","locations":[{"start":{"line":19,"column":27},"end":{"line":19,"column":31}},{"start":{"line":19,"column":34},"end":{"line":19,"column":38}}]},"1":{"loc":{"start":{"line":22,"column":2},"end":{"line":26,"column":3}},"type":"if","locations":[{"start":{"line":22,"column":2},"end":{"line":26,"column":3}},{"start":{"line":24,"column":9},"end":{"line":26,"column":3}}]},"2":{"loc":{"start":{"line":24,"column":9},"end":{"line":26,"column":3}},"type":"if","locations":[{"start":{"line":24,"column":9},"end":{"line":26,"column":3}}]}},"s":{"0":8,"1":8,"2":8,"3":8,"4":8,"5":8,"6":8,"7":8,"8":4,"9":4,"10":0,"11":8,"12":8,"13":2,"14":4,"15":4,"16":4,"17":4,"18":4,"19":4,"20":4,"21":4,"22":4,"23":4,"24":4,"25":4,"26":2},"f":{"0":8,"1":4},"b":{"0":[4,4],"1":[4,4],"2":[0]}}
,"/home/ptm/Documents/packages/suntimes/src/index.ts": {"path":"/home/ptm/Documents/packages/suntimes/src/index.ts","statementMap":{"0":{"start":{"line":1,"column":0},"end":{"line":1,"column":35}},"1":{"start":{"line":2,"column":0},"end":{"line":2,"column":60}},"2":{"start":{"line":27,"column":44},"end":{"line":27,"column":51}},"3":{"start":{"line":28,"column":42},"end":{"line":31,"column":null}},"4":{"start":{"line":37,"column":2},"end":{"line":53,"column":3}},"5":{"start":{"line":38,"column":4},"end":{"line":38,"column":22}},"6":{"start":{"line":39,"column":4},"end":{"line":39,"column":16}},"7":{"start":{"line":40,"column":4},"end":{"line":40,"column":17}},"8":{"start":{"line":41,"column":9},"end":{"line":53,"column":3}},"9":{"start":{"line":42,"column":4},"end":{"line":42,"column":17}},"10":{"start":{"line":43,"column":4},"end":{"line":43,"column":21}},"11":{"start":{"line":44,"column":4},"end":{"line":44,"column":17}},"12":{"start":{"line":45,"column":9},"end":{"line":53,"column":3}},"13":{"start":{"line":46,"column":4},"end":{"line":46,"column":49}},"14":{"start":{"line":47,"column":4},"end":{"line":47,"column":47}},"15":{"start":{"line":48,"column":4},"end":{"line":48,"column":54}},"16":{"start":{"line":50,"column":4},"end":{"line":50,"column":20}},"17":{"start":{"line":51,"column":4},"end":{"line":51,"column":19}},"18":{"start":{"line":52,"column":4},"end":{"line":52,"column":20}},"19":{"start":{"line":55,"column":2},"end":{"line":55,"column":38}},"20":{"start":{"line":26,"column":0},"end":{"line":26,"column":16}}},"fnMap":{"0":{"name":"suntimes","decl":{"start":{"line":26,"column":16},"end":{"line":26,"column":24}},"loc":{"start":{"line":26,"column":49},"end":{"line":56,"column":1}}}},"branchMap":{"0":{"loc":{"start":{"line":37,"column":2},"end":{"line":53,"column":3}},"type":"if","locations":[{"start":{"line":37,"column":2},"end":{"line":53,"column":3}},{"start":{"line":41,"column":9},"end":{"line":53,"column":3}}]},"1":{"loc":{"start":{"line":37,"column":6},"end":{"line":37,"column":53}},"type":"binary-expr","locations":[{"start":{"line":37,"column":6},"end":{"line":37,"column":29}},{"start":{"line":37,"column":33},"end":{"line":37,"column":53}}]},"2":{"loc":{"start":{"line":41,"column":9},"end":{"line":53,"column":3}},"type":"if","locations":[{"start":{"line":41,"column":9},"end":{"line":53,"column":3}},{"start":{"line":45,"column":9},"end":{"line":53,"column":3}}]},"3":{"loc":{"start":{"line":41,"column":13},"end":{"line":41,"column":60}},"type":"binary-expr","locations":[{"start":{"line":41,"column":13},"end":{"line":41,"column":34}},{"start":{"line":41,"column":38},"end":{"line":41,"column":60}}]},"4":{"loc":{"start":{"line":45,"column":9},"end":{"line":53,"column":3}},"type":"if","locations":[{"start":{"line":45,"column":9},"end":{"line":53,"column":3}},{"start":{"line":49,"column":9},"end":{"line":53,"column":3}}]},"5":{"loc":{"start":{"line":45,"column":13},"end":{"line":45,"column":62}},"type":"binary-expr","locations":[{"start":{"line":45,"column":13},"end":{"line":45,"column":36}},{"start":{"line":45,"column":40},"end":{"line":45,"column":62}}]}},"s":{"0":2,"1":2,"2":5,"3":5,"4":5,"5":0,"6":0,"7":0,"8":5,"9":1,"10":1,"11":1,"12":4,"13":4,"14":4,"15":4,"16":0,"17":0,"18":0,"19":5,"20":2},"f":{"0":5},"b":{"0":[0,5],"1":[5,0],"2":[1,4],"3":[5,1],"4":[4,0],"5":[4,4]}}
,"/home/ptm/Documents/packages/suntimes/src/suntime.ts": {"path":"/home/ptm/Documents/packages/suntimes/src/suntime.ts","statementMap":{"0":{"start":{"line":25,"column":14},"end":{"line":25,"column":24}},"1":{"start":{"line":26,"column":20},"end":{"line":26,"column":35}},"2":{"start":{"line":27,"column":20},"end":{"line":27,"column":35}},"3":{"start":{"line":29,"column":14},"end":{"line":29,"column":58}},"4":{"start":{"line":30,"column":14},"end":{"line":30,"column":40}},"5":{"start":{"line":31,"column":14},"end":{"line":31,"column":43}},"6":{"start":{"line":33,"column":6},"end":{"line":39,"column":11}},"7":{"start":{"line":40,"column":19},"end":{"line":40,"column":59}},"8":{"start":{"line":41,"column":14},"end":{"line":41,"column":38}},"9":{"start":{"line":42,"column":23},"end":{"line":42,"column":59}},"10":{"start":{"line":43,"column":14},"end":{"line":43,"column":40}},"11":{"start":{"line":45,"column":6},"end":{"line":47,"column":40}},"12":{"start":{"line":48,"column":14},"end":{"line":48,"column":44}},"13":{"start":{"line":50,"column":6},"end":{"line":52,"column":40}},"14":{"start":{"line":54,"column":6},"end":{"line":54,"column":76}},"15":{"start":{"line":56,"column":6},"end":{"line":58,"column":60}},"16":{"start":{"line":60,"column":4},"end":{"line":62,"column":5}},"17":{"start":{"line":61,"column":6},"end":{"line":61,"column":24}},"18":{"start":{"line":64,"column":4},"end":{"line":66,"column":5}},"19":{"start":{"line":65,"column":6},"end":{"line":65,"column":24}},"20":{"start":{"line":69,"column":18},"end":{"line":69,"column":48}},"21":{"start":{"line":70,"column":18},"end":{"line":70,"column":43}},"22":{"start":{"line":71,"column":19},"end":{"line":71,"column":44}},"23":{"start":{"line":78,"column":25},"end":{"line":78,"column":50}},"24":{"start":{"line":79,"column":26},"end":{"line":79,"column":52}},"25":{"start":{"line":81,"column":6},"end":{"line":81,"column":75}},"26":{"start":{"line":82,"column":23},"end":{"line":82,"column":55}},"27":{"start":{"line":83,"column":22},"end":{"line":83,"column":53}},"28":{"start":{"line":84,"column":4},"end":{"line":84,"column":35}},"29":{"start":{"line":20,"column":0},"end":{"line":20,"column":24}}},"fnMap":{"0":{"name":"suntime","decl":{"start":{"line":20,"column":24},"end":{"line":20,"column":31}},"loc":{"start":{"line":23,"column":21},"end":{"line":85,"column":3}}}},"branchMap":{"0":{"loc":{"start":{"line":60,"column":4},"end":{"line":62,"column":5}},"type":"if","locations":[{"start":{"line":60,"column":4},"end":{"line":62,"column":5}}]},"1":{"loc":{"start":{"line":64,"column":4},"end":{"line":66,"column":5}},"type":"if","locations":[{"start":{"line":64,"column":4},"end":{"line":66,"column":5}}]},"2":{"loc":{"start":{"line":81,"column":6},"end":{"line":81,"column":75}},"type":"cond-expr","locations":[{"start":{"line":81,"column":31},"end":{"line":81,"column":64}},{"start":{"line":81,"column":67},"end":{"line":81,"column":75}}]}},"s":{"0":5,"1":5,"2":5,"3":5,"4":5,"5":5,"6":5,"7":5,"8":5,"9":5,"10":5,"11":5,"12":5,"13":5,"14":5,"15":5,"16":5,"17":0,"18":5,"19":1,"20":4,"21":4,"22":4,"23":4,"24":4,"25":4,"26":4,"27":4,"28":4,"29":2},"f":{"0":5},"b":{"0":[0],"1":[1],"2":[1,3]}}
}
