TN:
SF:src/destime.ts
FN:7,convertDecimalTime
FN:47,timeDiff
FNF:2
FNH:2
FNDA:8,convertDecimalTime
FNDA:4,timeDiff
DA:7,2
DA:9,8
DA:10,8
DA:11,8
DA:14,8
DA:15,8
DA:16,8
DA:19,8
DA:22,8
DA:23,4
DA:24,4
DA:25,0
DA:30,8
DA:38,8
DA:47,2
DA:49,4
DA:50,4
DA:53,4
DA:56,4
DA:59,4
DA:60,4
DA:61,4
DA:64,4
DA:65,4
DA:66,4
DA:70,4
DA:72,4
LF:27
LH:26
BRDA:19,0,0,4
BRDA:19,0,1,4
BRDA:22,1,0,4
BRDA:22,1,1,4
BRDA:24,2,0,0
BRF:5
BRH:4
end_of_record
TN:
SF:src/index.ts
FN:26,suntimes
FNF:1
FNH:1
FNDA:5,suntimes
DA:1,2
DA:2,2
DA:26,2
DA:27,5
DA:28,5
DA:37,5
DA:38,0
DA:39,0
DA:40,0
DA:41,5
DA:42,1
DA:43,1
DA:44,1
DA:45,4
DA:46,4
DA:47,4
DA:48,4
DA:50,0
DA:51,0
DA:52,0
DA:55,5
LF:21
LH:15
BRDA:37,0,0,0
BRDA:37,0,1,5
BRDA:37,1,0,5
BRDA:37,1,1,0
BRDA:41,2,0,1
BRDA:41,2,1,4
BRDA:41,3,0,5
BRDA:41,3,1,1
BRDA:45,4,0,4
BRDA:45,4,1,0
BRDA:45,5,0,4
BRDA:45,5,1,4
BRF:12
BRH:9
end_of_record
TN:
SF:src/suntime.ts
FN:20,suntime
FNF:1
FNH:1
FNDA:5,suntime
DA:20,2
DA:25,5
DA:26,5
DA:27,5
DA:29,5
DA:30,5
DA:31,5
DA:33,5
DA:40,5
DA:41,5
DA:42,5
DA:43,5
DA:45,5
DA:48,5
DA:50,5
DA:54,5
DA:56,5
DA:60,5
DA:61,0
DA:64,5
DA:65,1
DA:69,4
DA:70,4
DA:71,4
DA:78,4
DA:79,4
DA:81,4
DA:82,4
DA:83,4
DA:84,4
LF:30
LH:29
BRDA:60,0,0,0
BRDA:64,1,0,1
BRDA:81,2,0,1
BRDA:81,2,1,3
BRF:4
BRH:3
end_of_record
